@storybook/cli v7.4.0

info => Cleaning outputDir: /var/folders/_c/2wmjhxkd2kxghhfw5md3cdjc0000gn/T/chromatic--58881-H8U5ZcacmumR
info => Loading presets
info => Building manager..
info => Manager built (80 ms)
info => Copying static files: /Users/jmaylin/Downloads/2023-08-28_Storybook_tuto/taskbox/node_modules/@storybook/manager/static at /var/folders/_c/2wmjhxkd2kxghhfw5md3cdjc0000gn/T/chromatic--58881-H8U5ZcacmumR/sb-common-assets
info => Copying static files: /Users/jmaylin/Downloads/2023-08-28_Storybook_tuto/taskbox/public at /var/folders/_c/2wmjhxkd2kxghhfw5md3cdjc0000gn/T/chromatic--58881-H8U5ZcacmumR/
vite v4.4.9 building for production...

./sb-common-assets/fonts.css doesn't exist at build time, it will remain unchanged to be resolved at runtime
transforming...
node_modules/telejson/dist/index.mjs (1413:15) Use of eval in "node_modules/telejson/dist/index.mjs" is strongly discouraged as it poses security risks and may cause issues with minification.
node_modules/telejson/dist/index.mjs (1416:18) Use of eval in "node_modules/telejson/dist/index.mjs" is strongly discouraged as it poses security risks and may cause issues with minification.
✓ 1590 modules transformed.
rendering chunks...
warnings when minifying css:
▲ [WARNING] Unexpected "vertical-align" [css-syntax-error]

    <stdin>:36:3:
      36 │   *vertical-align: middle;
         ╵    ~~~~~~~~~~~~~~


▲ [WARNING] Unexpected "overflow" [css-syntax-error]

    <stdin>:38:3:
      38 │   *overflow: visible;
         ╵    ~~~~~~~~


computing gzip size...
../../../../../var/folders/_c/2wmjhxkd2kxghhfw5md3cdjc0000gn/T/chromatic--58881-H8U5ZcacmumR/iframe.html                                          12.54 kB │ gzip:   3.56 kB
../../../../../var/folders/_c/2wmjhxkd2kxghhfw5md3cdjc0000gn/T/chromatic--58881-H8U5ZcacmumR/assets/percolate-dac75269.ttf                        34.04 kB
../../../../../var/folders/_c/2wmjhxkd2kxghhfw5md3cdjc0000gn/T/chromatic--58881-H8U5ZcacmumR/assets/percolate-ec979d96.woff                       34.11 kB
../../../../../var/folders/_c/2wmjhxkd2kxghhfw5md3cdjc0000gn/T/chromatic--58881-H8U5ZcacmumR/assets/percolate-5ed633c2.eot                        34.21 kB
../../../../../var/folders/_c/2wmjhxkd2kxghhfw5md3cdjc0000gn/T/chromatic--58881-H8U5ZcacmumR/assets/percolate-d13fa91b.svg                       140.51 kB │ gzip:  47.50 kB
../../../../../var/folders/_c/2wmjhxkd2kxghhfw5md3cdjc0000gn/T/chromatic--58881-H8U5ZcacmumR/assets/preview-4c64bd25.css                           6.88 kB │ gzip:   2.07 kB
../../../../../var/folders/_c/2wmjhxkd2kxghhfw5md3cdjc0000gn/T/chromatic--58881-H8U5ZcacmumR/assets/_commonjs-dynamic-modules-302442b1.js          0.30 kB │ gzip:   0.24 kB │ map:     0.12 kB
../../../../../var/folders/_c/2wmjhxkd2kxghhfw5md3cdjc0000gn/T/chromatic--58881-H8U5ZcacmumR/assets/WithTooltip-J57HCPYA-8431e9cb.js               0.49 kB │ gzip:   0.30 kB │ map:     0.11 kB
../../../../../var/folders/_c/2wmjhxkd2kxghhfw5md3cdjc0000gn/T/chromatic--58881-H8U5ZcacmumR/assets/syntaxhighlighter-PONEFOSF-8ee9cd94.js         0.51 kB │ gzip:   0.33 kB │ map:     0.12 kB
../../../../../var/folders/_c/2wmjhxkd2kxghhfw5md3cdjc0000gn/T/chromatic--58881-H8U5ZcacmumR/assets/preview-8fdb9da4.js                            0.56 kB │ gzip:   0.35 kB │ map:     0.56 kB
../../../../../var/folders/_c/2wmjhxkd2kxghhfw5md3cdjc0000gn/T/chromatic--58881-H8U5ZcacmumR/assets/index-3fd0d1ea.js                              0.62 kB │ gzip:   0.38 kB │ map:     4.30 kB
../../../../../var/folders/_c/2wmjhxkd2kxghhfw5md3cdjc0000gn/T/chromatic--58881-H8U5ZcacmumR/assets/preview-87eac49b.js                            0.68 kB │ gzip:   0.48 kB │ map:     3.97 kB
../../../../../var/folders/_c/2wmjhxkd2kxghhfw5md3cdjc0000gn/T/chromatic--58881-H8U5ZcacmumR/assets/_commonjsHelpers-de833af9.js                   0.75 kB │ gzip:   0.43 kB │ map:     0.11 kB
../../../../../var/folders/_c/2wmjhxkd2kxghhfw5md3cdjc0000gn/T/chromatic--58881-H8U5ZcacmumR/assets/index-356e4a49.js                              0.81 kB │ gzip:   0.51 kB │ map:     3.28 kB
../../../../../var/folders/_c/2wmjhxkd2kxghhfw5md3cdjc0000gn/T/chromatic--58881-H8U5ZcacmumR/assets/index-8d47fad6.js                              0.84 kB │ gzip:   0.55 kB │ map:     4.16 kB
../../../../../var/folders/_c/2wmjhxkd2kxghhfw5md3cdjc0000gn/T/chromatic--58881-H8U5ZcacmumR/assets/preview-b3c37142.js                            0.90 kB │ gzip:   0.59 kB │ map:     3.02 kB
../../../../../var/folders/_c/2wmjhxkd2kxghhfw5md3cdjc0000gn/T/chromatic--58881-H8U5ZcacmumR/assets/preview-9101d961.js                            1.06 kB │ gzip:   0.69 kB │ map:     3.32 kB
../../../../../var/folders/_c/2wmjhxkd2kxghhfw5md3cdjc0000gn/T/chromatic--58881-H8U5ZcacmumR/assets/preview-a60aa466.js                            2.40 kB │ gzip:   1.25 kB │ map:    11.31 kB
../../../../../var/folders/_c/2wmjhxkd2kxghhfw5md3cdjc0000gn/T/chromatic--58881-H8U5ZcacmumR/assets/index-d37d4223.js                              2.63 kB │ gzip:   1.30 kB │ map:     7.50 kB
../../../../../var/folders/_c/2wmjhxkd2kxghhfw5md3cdjc0000gn/T/chromatic--58881-H8U5ZcacmumR/assets/preview-15309724.js                            3.22 kB │ gzip:   1.39 kB │ map:    10.29 kB
../../../../../var/folders/_c/2wmjhxkd2kxghhfw5md3cdjc0000gn/T/chromatic--58881-H8U5ZcacmumR/assets/preview-06fb41f3.js                            3.78 kB │ gzip:   1.80 kB │ map:    14.55 kB
../../../../../var/folders/_c/2wmjhxkd2kxghhfw5md3cdjc0000gn/T/chromatic--58881-H8U5ZcacmumR/assets/Task.stories-5aab1951.js                       4.37 kB │ gzip:   1.84 kB │ map:     5.69 kB
../../../../../var/folders/_c/2wmjhxkd2kxghhfw5md3cdjc0000gn/T/chromatic--58881-H8U5ZcacmumR/assets/iframe-0d4fb2cd.js                             4.58 kB │ gzip:   1.70 kB │ map:     5.44 kB
../../../../../var/folders/_c/2wmjhxkd2kxghhfw5md3cdjc0000gn/T/chromatic--58881-H8U5ZcacmumR/assets/index-76fb7be0.js                              7.21 kB │ gzip:   2.95 kB │ map:    15.76 kB
../../../../../var/folders/_c/2wmjhxkd2kxghhfw5md3cdjc0000gn/T/chromatic--58881-H8U5ZcacmumR/assets/preview-b8d6c68d.js                            7.67 kB │ gzip:   1.59 kB │ map:    14.27 kB
../../../../../var/folders/_c/2wmjhxkd2kxghhfw5md3cdjc0000gn/T/chromatic--58881-H8U5ZcacmumR/assets/preview-2059b184.js                            8.32 kB │ gzip:   3.20 kB │ map:    29.50 kB
../../../../../var/folders/_c/2wmjhxkd2kxghhfw5md3cdjc0000gn/T/chromatic--58881-H8U5ZcacmumR/assets/GlobalScrollAreaStyles-UY5SB7EJ-a937112e.js   15.10 kB │ gzip:   2.84 kB │ map:    21.44 kB
../../../../../var/folders/_c/2wmjhxkd2kxghhfw5md3cdjc0000gn/T/chromatic--58881-H8U5ZcacmumR/assets/preview-6751e51d.js                           21.12 kB │ gzip:   7.00 kB │ map:    68.46 kB
../../../../../var/folders/_c/2wmjhxkd2kxghhfw5md3cdjc0000gn/T/chromatic--58881-H8U5ZcacmumR/assets/OverlayScrollbars-GZGLA7DL-14afcb95.js        28.95 kB │ gzip:  14.20 kB │ map:   108.16 kB
../../../../../var/folders/_c/2wmjhxkd2kxghhfw5md3cdjc0000gn/T/chromatic--58881-H8U5ZcacmumR/assets/Color-6VNJS4EI-fff9389a.js                    31.10 kB │ gzip:  11.69 kB │ map:   112.93 kB
../../../../../var/folders/_c/2wmjhxkd2kxghhfw5md3cdjc0000gn/T/chromatic--58881-H8U5ZcacmumR/assets/TaskList.stories-bf2c74df.js                  40.34 kB │ gzip:  13.92 kB │ map:   236.43 kB
../../../../../var/folders/_c/2wmjhxkd2kxghhfw5md3cdjc0000gn/T/chromatic--58881-H8U5ZcacmumR/assets/_getPrototype-725791a0.js                     78.78 kB │ gzip:  23.67 kB │ map:   328.90 kB
../../../../../var/folders/_c/2wmjhxkd2kxghhfw5md3cdjc0000gn/T/chromatic--58881-H8U5ZcacmumR/assets/index-d3ea75b5.js                            134.11 kB │ gzip:  43.23 kB │ map:   328.93 kB
../../../../../var/folders/_c/2wmjhxkd2kxghhfw5md3cdjc0000gn/T/chromatic--58881-H8U5ZcacmumR/assets/config-7b196b88.js                           213.48 kB │ gzip:  66.39 kB │ map:   803.92 kB
../../../../../var/folders/_c/2wmjhxkd2kxghhfw5md3cdjc0000gn/T/chromatic--58881-H8U5ZcacmumR/assets/InboxScreen.stories-b26843e5.js              292.80 kB │ gzip:  71.96 kB │ map: 1,090.24 kB
../../../../../var/folders/_c/2wmjhxkd2kxghhfw5md3cdjc0000gn/T/chromatic--58881-H8U5ZcacmumR/assets/index-3975b92d.js                            362.30 kB │ gzip: 111.64 kB │ map: 1,505.88 kB
../../../../../var/folders/_c/2wmjhxkd2kxghhfw5md3cdjc0000gn/T/chromatic--58881-H8U5ZcacmumR/assets/DocsRenderer-3PUGWF3O-f8aed3f4.js            517.89 kB │ gzip: 169.66 kB │ map: 1,487.80 kB
../../../../../var/folders/_c/2wmjhxkd2kxghhfw5md3cdjc0000gn/T/chromatic--58881-H8U5ZcacmumR/assets/axe-4e806bb5.js                              535.60 kB │ gzip: 146.95 kB │ map: 1,920.45 kB
../../../../../var/folders/_c/2wmjhxkd2kxghhfw5md3cdjc0000gn/T/chromatic--58881-H8U5ZcacmumR/assets/formatter-SWP5E3XI-93a3334d.js               601.69 kB │ gzip: 185.07 kB │ map: 1,318.61 kB

(!) Some chunks are larger than 500 kBs after minification. Consider:
- Using dynamic import() to code-split the application
- Use build.rollupOptions.output.manualChunks to improve chunking: https://rollupjs.org/configuration-options/#output-manualchunks
- Adjust chunk size limit for this warning via build.chunkSizeWarningLimit.
✓ built in 6.42s
info => Output directory: /var/folders/_c/2wmjhxkd2kxghhfw5md3cdjc0000gn/T/chromatic--58881-H8U5ZcacmumR
